[debug] [2026-03-07T11:35:37.861Z] ----------------------------------------------------------------------
[debug] [2026-03-07T11:35:37.862Z] Command:       /Users/tevin/.nvm/versions/node/v22.21.1/bin/node /Users/tevin/.nvm/versions/node/v22.21.1/bin/firebase deploy --project yokcafe-pro
[debug] [2026-03-07T11:35:37.862Z] CLI Version:   14.26.0
[debug] [2026-03-07T11:35:37.862Z] Platform:      darwin
[debug] [2026-03-07T11:35:37.862Z] Node Version:  v22.21.1
[debug] [2026-03-07T11:35:37.862Z] Time:          Sat Mar 07 2026 18:35:37 GMT+0700 (Indochina Time)
[debug] [2026-03-07T11:35:37.862Z] ----------------------------------------------------------------------
[debug] 
[debug] [2026-03-07T11:35:37.946Z] > command requires scopes: ["email","openid","https://www.googleapis.com/auth/cloudplatformprojects.readonly","https://www.googleapis.com/auth/firebase","https://www.googleapis.com/auth/cloud-platform"]
[debug] [2026-03-07T11:35:37.946Z] > authorizing via signed-in user (suntelcambodia@gmail.com)
[debug] [2026-03-07T11:35:37.946Z] [iam] checking project yokcafe-pro for permissions ["firebase.projects.get","firebasehosting.sites.update"]
[debug] [2026-03-07T11:35:37.946Z] Checked if tokens are valid: false, expires at: 1772883132775
[debug] [2026-03-07T11:35:37.946Z] Checked if tokens are valid: false, expires at: 1772883132775
[debug] [2026-03-07T11:35:37.947Z] > refreshing access token with scopes: []
[debug] [2026-03-07T11:35:37.947Z] >>> [apiv2][query] POST https://www.googleapis.com/oauth2/v3/token [none]
[debug] [2026-03-07T11:35:37.947Z] >>> [apiv2][body] POST https://www.googleapis.com/oauth2/v3/token [omitted]
[debug] [2026-03-07T11:35:38.123Z] <<< [apiv2][status] POST https://www.googleapis.com/oauth2/v3/token 200
[debug] [2026-03-07T11:35:38.123Z] <<< [apiv2][body] POST https://www.googleapis.com/oauth2/v3/token [omitted]
[debug] [2026-03-07T11:35:38.136Z] >>> [apiv2][query] POST https://cloudresourcemanager.googleapis.com/v1/projects/yokcafe-pro:testIamPermissions [none]
[debug] [2026-03-07T11:35:38.136Z] >>> [apiv2][(partial)header] POST https://cloudresourcemanager.googleapis.com/v1/projects/yokcafe-pro:testIamPermissions x-goog-quota-user=projects/yokcafe-pro
[debug] [2026-03-07T11:35:38.136Z] >>> [apiv2][body] POST https://cloudresourcemanager.googleapis.com/v1/projects/yokcafe-pro:testIamPermissions {"permissions":["firebase.projects.get","firebasehosting.sites.update"]}
[debug] [2026-03-07T11:35:39.490Z] <<< [apiv2][status] POST https://cloudresourcemanager.googleapis.com/v1/projects/yokcafe-pro:testIamPermissions 200
[debug] [2026-03-07T11:35:39.491Z] <<< [apiv2][body] POST https://cloudresourcemanager.googleapis.com/v1/projects/yokcafe-pro:testIamPermissions {}
[debug] [2026-03-07T11:35:39.491Z] [iam] error while checking permissions, command may fail: Authorization failed. This account is missing the following required permissions on project yokcafe-pro:

  firebase.projects.get
  firebasehosting.sites.update
[debug] [2026-03-07T11:35:39.491Z] Checked if tokens are valid: true, expires at: 1772886937123
[debug] [2026-03-07T11:35:39.491Z] Checked if tokens are valid: true, expires at: 1772886937123
[debug] [2026-03-07T11:35:39.491Z] >>> [apiv2][query] GET https://firebase.googleapis.com/v1beta1/projects/yokcafe-pro [none]
[debug] [2026-03-07T11:35:40.225Z] <<< [apiv2][status] GET https://firebase.googleapis.com/v1beta1/projects/yokcafe-pro 403
[debug] [2026-03-07T11:35:40.225Z] <<< [apiv2][body] GET https://firebase.googleapis.com/v1beta1/projects/yokcafe-pro {"error":{"code":403,"message":"The caller does not have permission","status":"PERMISSION_DENIED"}}
[debug] [2026-03-07T11:35:40.227Z] Request to https://firebase.googleapis.com/v1beta1/projects/yokcafe-pro had HTTP Error: 403, The caller does not have permission
[debug] [2026-03-07T11:35:41.441Z] FirebaseError: Request to https://firebase.googleapis.com/v1beta1/projects/yokcafe-pro had HTTP Error: 403, The caller does not have permission
    at responseToError (/Users/tevin/.nvm/versions/node/v22.21.1/lib/node_modules/firebase-tools/lib/responseToError.js:53:12)
    at RetryOperation._fn (/Users/tevin/.nvm/versions/node/v22.21.1/lib/node_modules/firebase-tools/lib/apiv2.js:322:77)
    at process.processTicksAndRejections (node:internal/process/task_queues:105:5)
[error] 
[error] Error: Failed to get Firebase project yokcafe-pro. Please make sure the project exists and your account has permission to access it.
